[2021-09-22 15:41:19,218] {__init__.py:1139} INFO - Dependencies all met for <TaskInstance: tutorial.templated 2021-09-21T00:00:00+00:00 [queued]>
[2021-09-22 15:41:19,224] {__init__.py:1139} INFO - Dependencies all met for <TaskInstance: tutorial.templated 2021-09-21T00:00:00+00:00 [queued]>
[2021-09-22 15:41:19,225] {__init__.py:1353} INFO - 
--------------------------------------------------------------------------------
[2021-09-22 15:41:19,225] {__init__.py:1354} INFO - Starting attempt 1 of 2
[2021-09-22 15:41:19,225] {__init__.py:1355} INFO - 
--------------------------------------------------------------------------------
[2021-09-22 15:41:19,236] {__init__.py:1374} INFO - Executing <Task(BashOperator): templated> on 2021-09-21T00:00:00+00:00
[2021-09-22 15:41:19,237] {base_task_runner.py:119} INFO - Running: ['airflow', 'run', 'tutorial', 'templated', '2021-09-21T00:00:00+00:00', '--job_id', '18', '--raw', '-sd', '/home/prabha/.local/share/virtualenvs/airflow-1vNRnu2a/lib/python3.7/site-packages/airflow/example_dags/tutorial.py', '--cfg_path', '/tmp/tmp5rir07l4']
[2021-09-22 15:41:20,353] {base_task_runner.py:101} INFO - Job 18: Subtask templated [2021-09-22 15:41:20,353] {__init__.py:51} INFO - Using executor SequentialExecutor
[2021-09-22 15:41:20,752] {base_task_runner.py:101} INFO - Job 18: Subtask templated [2021-09-22 15:41:20,752] {__init__.py:305} INFO - Filling up the DagBag from /home/prabha/.local/share/virtualenvs/airflow-1vNRnu2a/lib/python3.7/site-packages/airflow/example_dags/tutorial.py
[2021-09-22 15:41:20,768] {base_task_runner.py:101} INFO - Job 18: Subtask templated [2021-09-22 15:41:20,767] {cli.py:517} INFO - Running <TaskInstance: tutorial.templated 2021-09-21T00:00:00+00:00 [running]> on host XPO-3BMPXT2-L.conway.prod.con-way.com
[2021-09-22 15:41:20,785] {bash_operator.py:81} INFO - Tmp dir root location: 
 /tmp
[2021-09-22 15:41:20,785] {bash_operator.py:90} INFO - Exporting the following env vars:
AIRFLOW_CTX_DAG_ID=tutorial
AIRFLOW_CTX_TASK_ID=templated
AIRFLOW_CTX_EXECUTION_DATE=2021-09-21T00:00:00+00:00
AIRFLOW_CTX_DAG_RUN_ID=scheduled__2021-09-21T00:00:00+00:00
[2021-09-22 15:41:20,787] {bash_operator.py:104} INFO - Temporary script location: /tmp/airflowtmpgrch1357/templatedzsb5pbqz
[2021-09-22 15:41:20,787] {bash_operator.py:114} INFO - Running command: 

    echo "2021-09-21"
    echo "2021-09-28"
    echo "Parameter I passed in"

    echo "2021-09-21"
    echo "2021-09-28"
    echo "Parameter I passed in"

    echo "2021-09-21"
    echo "2021-09-28"
    echo "Parameter I passed in"

    echo "2021-09-21"
    echo "2021-09-28"
    echo "Parameter I passed in"

    echo "2021-09-21"
    echo "2021-09-28"
    echo "Parameter I passed in"

[2021-09-22 15:41:20,878] {bash_operator.py:123} INFO - Output:
[2021-09-22 15:41:20,885] {bash_operator.py:127} INFO - 2021-09-21
[2021-09-22 15:41:20,885] {bash_operator.py:127} INFO - 2021-09-28
[2021-09-22 15:41:20,885] {bash_operator.py:127} INFO - Parameter I passed in
[2021-09-22 15:41:20,885] {bash_operator.py:127} INFO - 2021-09-21
[2021-09-22 15:41:20,885] {bash_operator.py:127} INFO - 2021-09-28
[2021-09-22 15:41:20,885] {bash_operator.py:127} INFO - Parameter I passed in
[2021-09-22 15:41:20,885] {bash_operator.py:127} INFO - 2021-09-21
[2021-09-22 15:41:20,885] {bash_operator.py:127} INFO - 2021-09-28
[2021-09-22 15:41:20,885] {bash_operator.py:127} INFO - Parameter I passed in
[2021-09-22 15:41:20,886] {bash_operator.py:127} INFO - 2021-09-21
[2021-09-22 15:41:20,886] {bash_operator.py:127} INFO - 2021-09-28
[2021-09-22 15:41:20,886] {bash_operator.py:127} INFO - Parameter I passed in
[2021-09-22 15:41:20,886] {bash_operator.py:127} INFO - 2021-09-21
[2021-09-22 15:41:20,886] {bash_operator.py:127} INFO - 2021-09-28
[2021-09-22 15:41:20,886] {bash_operator.py:127} INFO - Parameter I passed in
[2021-09-22 15:41:20,886] {bash_operator.py:131} INFO - Command exited with return code 0
[2021-09-22 15:41:24,218] {logging_mixin.py:95} INFO - [2021-09-22 15:41:24,218] {jobs.py:2562} INFO - Task exited with return code 0
