[2021-09-22 15:39:34,513] {__init__.py:1139} INFO - Dependencies all met for <TaskInstance: tutorial.print_date 2020-05-28T00:00:00+00:00 [queued]>
[2021-09-22 15:39:34,516] {__init__.py:1139} INFO - Dependencies all met for <TaskInstance: tutorial.print_date 2020-05-28T00:00:00+00:00 [queued]>
[2021-09-22 15:39:34,516] {__init__.py:1353} INFO - 
--------------------------------------------------------------------------------
[2021-09-22 15:39:34,517] {__init__.py:1354} INFO - Starting attempt 1 of 2
[2021-09-22 15:39:34,517] {__init__.py:1355} INFO - 
--------------------------------------------------------------------------------
[2021-09-22 15:39:34,530] {__init__.py:1374} INFO - Executing <Task(BashOperator): print_date> on 2020-05-28T00:00:00+00:00
[2021-09-22 15:39:34,531] {base_task_runner.py:119} INFO - Running: ['airflow', 'run', 'tutorial', 'print_date', '2020-05-28T00:00:00+00:00', '--job_id', '5', '--raw', '-sd', '/home/prabha/.local/share/virtualenvs/airflow-1vNRnu2a/lib/python3.7/site-packages/airflow/example_dags/tutorial.py', '--cfg_path', '/tmp/tmpxd0rxe_2']
[2021-09-22 15:39:35,472] {base_task_runner.py:101} INFO - Job 5: Subtask print_date [2021-09-22 15:39:35,472] {__init__.py:51} INFO - Using executor SequentialExecutor
[2021-09-22 15:39:35,868] {base_task_runner.py:101} INFO - Job 5: Subtask print_date [2021-09-22 15:39:35,868] {__init__.py:305} INFO - Filling up the DagBag from /home/prabha/.local/share/virtualenvs/airflow-1vNRnu2a/lib/python3.7/site-packages/airflow/example_dags/tutorial.py
[2021-09-22 15:39:35,889] {base_task_runner.py:101} INFO - Job 5: Subtask print_date [2021-09-22 15:39:35,888] {cli.py:517} INFO - Running <TaskInstance: tutorial.print_date 2020-05-28T00:00:00+00:00 [running]> on host XPO-3BMPXT2-L.conway.prod.con-way.com
[2021-09-22 15:39:35,902] {bash_operator.py:81} INFO - Tmp dir root location: 
 /tmp
[2021-09-22 15:39:35,902] {bash_operator.py:90} INFO - Exporting the following env vars:
AIRFLOW_CTX_DAG_ID=tutorial
AIRFLOW_CTX_TASK_ID=print_date
AIRFLOW_CTX_EXECUTION_DATE=2020-05-28T00:00:00+00:00
AIRFLOW_CTX_DAG_RUN_ID=backfill_2020-05-28T00:00:00+00:00
[2021-09-22 15:39:35,904] {bash_operator.py:104} INFO - Temporary script location: /tmp/airflowtmp924sgh74/print_dateqzfb72jy
[2021-09-22 15:39:35,904] {bash_operator.py:114} INFO - Running command: date
[2021-09-22 15:39:35,990] {bash_operator.py:123} INFO - Output:
[2021-09-22 15:39:36,016] {bash_operator.py:127} INFO - Wed Sep 22 15:39:36 EDT 2021
[2021-09-22 15:39:36,017] {bash_operator.py:131} INFO - Command exited with return code 0
[2021-09-22 15:39:39,520] {logging_mixin.py:95} INFO - [2021-09-22 15:39:39,520] {jobs.py:2562} INFO - Task exited with return code 0
