[2021-09-22 15:40:11,912] {__init__.py:1139} INFO - Dependencies all met for <TaskInstance: tutorial.sleep 2021-09-20T00:00:00+00:00 [queued]>
[2021-09-22 15:40:11,918] {__init__.py:1139} INFO - Dependencies all met for <TaskInstance: tutorial.sleep 2021-09-20T00:00:00+00:00 [queued]>
[2021-09-22 15:40:11,918] {__init__.py:1353} INFO - 
--------------------------------------------------------------------------------
[2021-09-22 15:40:11,918] {__init__.py:1354} INFO - Starting attempt 1 of 2
[2021-09-22 15:40:11,918] {__init__.py:1355} INFO - 
--------------------------------------------------------------------------------
[2021-09-22 15:40:11,934] {__init__.py:1374} INFO - Executing <Task(BashOperator): sleep> on 2021-09-20T00:00:00+00:00
[2021-09-22 15:40:11,934] {base_task_runner.py:119} INFO - Running: ['airflow', 'run', 'tutorial', 'sleep', '2021-09-20T00:00:00+00:00', '--job_id', '11', '--raw', '-sd', '/home/prabha/.local/share/virtualenvs/airflow-1vNRnu2a/lib/python3.7/site-packages/airflow/example_dags/tutorial.py', '--cfg_path', '/tmp/tmpao0gyttv']
[2021-09-22 15:40:12,910] {base_task_runner.py:101} INFO - Job 11: Subtask sleep [2021-09-22 15:40:12,909] {__init__.py:51} INFO - Using executor SequentialExecutor
[2021-09-22 15:40:13,343] {base_task_runner.py:101} INFO - Job 11: Subtask sleep [2021-09-22 15:40:13,343] {__init__.py:305} INFO - Filling up the DagBag from /home/prabha/.local/share/virtualenvs/airflow-1vNRnu2a/lib/python3.7/site-packages/airflow/example_dags/tutorial.py
[2021-09-22 15:40:13,357] {base_task_runner.py:101} INFO - Job 11: Subtask sleep [2021-09-22 15:40:13,357] {cli.py:517} INFO - Running <TaskInstance: tutorial.sleep 2021-09-20T00:00:00+00:00 [running]> on host XPO-3BMPXT2-L.conway.prod.con-way.com
[2021-09-22 15:40:13,371] {bash_operator.py:81} INFO - Tmp dir root location: 
 /tmp
[2021-09-22 15:40:13,371] {bash_operator.py:90} INFO - Exporting the following env vars:
AIRFLOW_CTX_DAG_ID=tutorial
AIRFLOW_CTX_TASK_ID=sleep
AIRFLOW_CTX_EXECUTION_DATE=2021-09-20T00:00:00+00:00
AIRFLOW_CTX_DAG_RUN_ID=scheduled__2021-09-20T00:00:00+00:00
[2021-09-22 15:40:13,373] {bash_operator.py:104} INFO - Temporary script location: /tmp/airflowtmpajxvfbmc/sleeppwln2y3q
[2021-09-22 15:40:13,373] {bash_operator.py:114} INFO - Running command: sleep 5
[2021-09-22 15:40:13,462] {bash_operator.py:123} INFO - Output:
[2021-09-22 15:40:18,491] {bash_operator.py:131} INFO - Command exited with return code 0
[2021-09-22 15:40:21,912] {logging_mixin.py:95} INFO - [2021-09-22 15:40:21,911] {jobs.py:2562} INFO - Task exited with return code 0
