[2021-09-22 15:41:07,272] {__init__.py:1139} INFO - Dependencies all met for <TaskInstance: tutorial.sleep 2021-09-21T00:00:00+00:00 [queued]>
[2021-09-22 15:41:07,278] {__init__.py:1139} INFO - Dependencies all met for <TaskInstance: tutorial.sleep 2021-09-21T00:00:00+00:00 [queued]>
[2021-09-22 15:41:07,278] {__init__.py:1353} INFO - 
--------------------------------------------------------------------------------
[2021-09-22 15:41:07,278] {__init__.py:1354} INFO - Starting attempt 1 of 2
[2021-09-22 15:41:07,279] {__init__.py:1355} INFO - 
--------------------------------------------------------------------------------
[2021-09-22 15:41:07,293] {__init__.py:1374} INFO - Executing <Task(BashOperator): sleep> on 2021-09-21T00:00:00+00:00
[2021-09-22 15:41:07,294] {base_task_runner.py:119} INFO - Running: ['airflow', 'run', 'tutorial', 'sleep', '2021-09-21T00:00:00+00:00', '--job_id', '17', '--raw', '-sd', '/home/prabha/.local/share/virtualenvs/airflow-1vNRnu2a/lib/python3.7/site-packages/airflow/example_dags/tutorial.py', '--cfg_path', '/tmp/tmpui6wycv4']
[2021-09-22 15:41:08,248] {base_task_runner.py:101} INFO - Job 17: Subtask sleep [2021-09-22 15:41:08,248] {__init__.py:51} INFO - Using executor SequentialExecutor
[2021-09-22 15:41:08,615] {base_task_runner.py:101} INFO - Job 17: Subtask sleep [2021-09-22 15:41:08,615] {__init__.py:305} INFO - Filling up the DagBag from /home/prabha/.local/share/virtualenvs/airflow-1vNRnu2a/lib/python3.7/site-packages/airflow/example_dags/tutorial.py
[2021-09-22 15:41:08,628] {base_task_runner.py:101} INFO - Job 17: Subtask sleep [2021-09-22 15:41:08,628] {cli.py:517} INFO - Running <TaskInstance: tutorial.sleep 2021-09-21T00:00:00+00:00 [running]> on host XPO-3BMPXT2-L.conway.prod.con-way.com
[2021-09-22 15:41:08,641] {bash_operator.py:81} INFO - Tmp dir root location: 
 /tmp
[2021-09-22 15:41:08,641] {bash_operator.py:90} INFO - Exporting the following env vars:
AIRFLOW_CTX_DAG_ID=tutorial
AIRFLOW_CTX_TASK_ID=sleep
AIRFLOW_CTX_EXECUTION_DATE=2021-09-21T00:00:00+00:00
AIRFLOW_CTX_DAG_RUN_ID=scheduled__2021-09-21T00:00:00+00:00
[2021-09-22 15:41:08,642] {bash_operator.py:104} INFO - Temporary script location: /tmp/airflowtmpndj5bl7q/sleep4safuhtg
[2021-09-22 15:41:08,642] {bash_operator.py:114} INFO - Running command: sleep 5
[2021-09-22 15:41:08,733] {bash_operator.py:123} INFO - Output:
[2021-09-22 15:41:13,764] {bash_operator.py:131} INFO - Command exited with return code 0
[2021-09-22 15:41:17,306] {logging_mixin.py:95} INFO - [2021-09-22 15:41:17,305] {jobs.py:2562} INFO - Task exited with return code 0
