[2021-09-22 15:40:35,805] {__init__.py:1139} INFO - Dependencies all met for <TaskInstance: tutorial.templated 2020-05-29T00:00:00+00:00 [queued]>
[2021-09-22 15:40:35,813] {__init__.py:1139} INFO - Dependencies all met for <TaskInstance: tutorial.templated 2020-05-29T00:00:00+00:00 [queued]>
[2021-09-22 15:40:35,814] {__init__.py:1353} INFO - 
--------------------------------------------------------------------------------
[2021-09-22 15:40:35,814] {__init__.py:1354} INFO - Starting attempt 1 of 2
[2021-09-22 15:40:35,814] {__init__.py:1355} INFO - 
--------------------------------------------------------------------------------
[2021-09-22 15:40:35,826] {__init__.py:1374} INFO - Executing <Task(BashOperator): templated> on 2020-05-29T00:00:00+00:00
[2021-09-22 15:40:35,827] {base_task_runner.py:119} INFO - Running: ['airflow', 'run', 'tutorial', 'templated', '2020-05-29T00:00:00+00:00', '--job_id', '15', '--raw', '-sd', '/home/prabha/.local/share/virtualenvs/airflow-1vNRnu2a/lib/python3.7/site-packages/airflow/example_dags/tutorial.py', '--cfg_path', '/tmp/tmp622o9gm6']
[2021-09-22 15:40:36,759] {base_task_runner.py:101} INFO - Job 15: Subtask templated [2021-09-22 15:40:36,759] {__init__.py:51} INFO - Using executor SequentialExecutor
[2021-09-22 15:40:37,143] {base_task_runner.py:101} INFO - Job 15: Subtask templated [2021-09-22 15:40:37,143] {__init__.py:305} INFO - Filling up the DagBag from /home/prabha/.local/share/virtualenvs/airflow-1vNRnu2a/lib/python3.7/site-packages/airflow/example_dags/tutorial.py
[2021-09-22 15:40:37,157] {base_task_runner.py:101} INFO - Job 15: Subtask templated [2021-09-22 15:40:37,157] {cli.py:517} INFO - Running <TaskInstance: tutorial.templated 2020-05-29T00:00:00+00:00 [running]> on host XPO-3BMPXT2-L.conway.prod.con-way.com
[2021-09-22 15:40:37,173] {bash_operator.py:81} INFO - Tmp dir root location: 
 /tmp
[2021-09-22 15:40:37,173] {bash_operator.py:90} INFO - Exporting the following env vars:
AIRFLOW_CTX_DAG_ID=tutorial
AIRFLOW_CTX_TASK_ID=templated
AIRFLOW_CTX_EXECUTION_DATE=2020-05-29T00:00:00+00:00
AIRFLOW_CTX_DAG_RUN_ID=backfill_2020-05-29T00:00:00+00:00
[2021-09-22 15:40:37,174] {bash_operator.py:104} INFO - Temporary script location: /tmp/airflowtmp4jurqlwe/templatedulpjxwle
[2021-09-22 15:40:37,174] {bash_operator.py:114} INFO - Running command: 

    echo "2020-05-29"
    echo "2020-06-05"
    echo "Parameter I passed in"

    echo "2020-05-29"
    echo "2020-06-05"
    echo "Parameter I passed in"

    echo "2020-05-29"
    echo "2020-06-05"
    echo "Parameter I passed in"

    echo "2020-05-29"
    echo "2020-06-05"
    echo "Parameter I passed in"

    echo "2020-05-29"
    echo "2020-06-05"
    echo "Parameter I passed in"

[2021-09-22 15:40:37,269] {bash_operator.py:123} INFO - Output:
[2021-09-22 15:40:37,276] {bash_operator.py:127} INFO - 2020-05-29
[2021-09-22 15:40:37,276] {bash_operator.py:127} INFO - 2020-06-05
[2021-09-22 15:40:37,276] {bash_operator.py:127} INFO - Parameter I passed in
[2021-09-22 15:40:37,276] {bash_operator.py:127} INFO - 2020-05-29
[2021-09-22 15:40:37,276] {bash_operator.py:127} INFO - 2020-06-05
[2021-09-22 15:40:37,276] {bash_operator.py:127} INFO - Parameter I passed in
[2021-09-22 15:40:37,277] {bash_operator.py:127} INFO - 2020-05-29
[2021-09-22 15:40:37,277] {bash_operator.py:127} INFO - 2020-06-05
[2021-09-22 15:40:37,277] {bash_operator.py:127} INFO - Parameter I passed in
[2021-09-22 15:40:37,277] {bash_operator.py:127} INFO - 2020-05-29
[2021-09-22 15:40:37,277] {bash_operator.py:127} INFO - 2020-06-05
[2021-09-22 15:40:37,277] {bash_operator.py:127} INFO - Parameter I passed in
[2021-09-22 15:40:37,277] {bash_operator.py:127} INFO - 2020-05-29
[2021-09-22 15:40:37,277] {bash_operator.py:127} INFO - 2020-06-05
[2021-09-22 15:40:37,277] {bash_operator.py:127} INFO - Parameter I passed in
[2021-09-22 15:40:37,277] {bash_operator.py:131} INFO - Command exited with return code 0
[2021-09-22 15:40:40,812] {logging_mixin.py:95} INFO - [2021-09-22 15:40:40,812] {jobs.py:2562} INFO - Task exited with return code 0
