[2021-09-22 15:39:54,452] {__init__.py:1139} INFO - Dependencies all met for <TaskInstance: tutorial.sleep 2020-05-28T00:00:00+00:00 [queued]>
[2021-09-22 15:39:54,458] {__init__.py:1139} INFO - Dependencies all met for <TaskInstance: tutorial.sleep 2020-05-28T00:00:00+00:00 [queued]>
[2021-09-22 15:39:54,458] {__init__.py:1353} INFO - 
--------------------------------------------------------------------------------
[2021-09-22 15:39:54,458] {__init__.py:1354} INFO - Starting attempt 1 of 2
[2021-09-22 15:39:54,458] {__init__.py:1355} INFO - 
--------------------------------------------------------------------------------
[2021-09-22 15:39:54,472] {__init__.py:1374} INFO - Executing <Task(BashOperator): sleep> on 2020-05-28T00:00:00+00:00
[2021-09-22 15:39:54,473] {base_task_runner.py:119} INFO - Running: ['airflow', 'run', 'tutorial', 'sleep', '2020-05-28T00:00:00+00:00', '--job_id', '8', '--raw', '-sd', '/home/prabha/.local/share/virtualenvs/airflow-1vNRnu2a/lib/python3.7/site-packages/airflow/example_dags/tutorial.py', '--cfg_path', '/tmp/tmpttj7gser']
[2021-09-22 15:39:55,412] {base_task_runner.py:101} INFO - Job 8: Subtask sleep [2021-09-22 15:39:55,411] {__init__.py:51} INFO - Using executor SequentialExecutor
[2021-09-22 15:39:55,808] {base_task_runner.py:101} INFO - Job 8: Subtask sleep [2021-09-22 15:39:55,808] {__init__.py:305} INFO - Filling up the DagBag from /home/prabha/.local/share/virtualenvs/airflow-1vNRnu2a/lib/python3.7/site-packages/airflow/example_dags/tutorial.py
[2021-09-22 15:39:55,823] {base_task_runner.py:101} INFO - Job 8: Subtask sleep [2021-09-22 15:39:55,822] {cli.py:517} INFO - Running <TaskInstance: tutorial.sleep 2020-05-28T00:00:00+00:00 [running]> on host XPO-3BMPXT2-L.conway.prod.con-way.com
[2021-09-22 15:39:55,837] {bash_operator.py:81} INFO - Tmp dir root location: 
 /tmp
[2021-09-22 15:39:55,837] {bash_operator.py:90} INFO - Exporting the following env vars:
AIRFLOW_CTX_DAG_ID=tutorial
AIRFLOW_CTX_TASK_ID=sleep
AIRFLOW_CTX_EXECUTION_DATE=2020-05-28T00:00:00+00:00
AIRFLOW_CTX_DAG_RUN_ID=backfill_2020-05-28T00:00:00+00:00
[2021-09-22 15:39:55,838] {bash_operator.py:104} INFO - Temporary script location: /tmp/airflowtmpaq75ku94/sleep3ncxbnlw
[2021-09-22 15:39:55,839] {bash_operator.py:114} INFO - Running command: sleep 5
[2021-09-22 15:39:55,927] {bash_operator.py:123} INFO - Output:
[2021-09-22 15:40:01,077] {bash_operator.py:131} INFO - Command exited with return code 0
[2021-09-22 15:40:04,445] {logging_mixin.py:95} INFO - [2021-09-22 15:40:04,445] {jobs.py:2562} INFO - Task exited with return code 0
